Pb2 -> b4
nb8 -> c6
Pc2 -> c3
pe7 -> e5
Qd1 -> a4
ng8 -> f6
Ng1 -> f3
pg7 -> g5
Ph2 -> h4
pg5 -> xPh4
Rh1 -> xph4
ph7 -> h5
Pb4 -> b5
pe5 -> e4
Nf3 -> d4
nc6 -> xNd4
Pc3 -> xnd4
pc7 -> c5
Bc1 -> b2
pd7 -> d5
Rh4 -> f4
pb7 -> b6
Pd4 -> xpc5
pd5 -> d4
Bb2 -> xpd4
bf8 -> xPc5
Bd4 -> xnf6
bc8 -> e6
Bf6 -> xqd8
pf7 -> f5
Qa4 -> a6
ke8 -> xBd8
Qa6 -> b7
bc5 -> xPf2
Ke1 -> xbf2
ra8 -> c8
Qb7 -> g7
rc8 -> c7
Qg7 -> xrh8
kd8 -> e7
Qh8 -> b8
ke7 -> d6
Qb8 -> d8
rc7 -> d7
Qd8 -> f8
kd6 -> e5
Pg2 -> g3
rd7 -> c7
Nb1 -> a3
pa7 -> a5
Bf1 -> h3
pa5 -> a4
Rf4 -> xpf5
be6 -> xRf5
Bh3 -> xbf5
ke5 -> d4
Qf8 -> d8
kd4 -> e5
Qd8 -> xrc7
ke5 -> xBf5
Ra1 -> h1
kf5 -> g6
Qc7 -> e5
ph5 -> h4
Rh1 -> xph4
kg6 -> f7
Rh4 -> h7
kf7 -> f8
Qe5 -> h8
5k1Q/7R/1p6/1P6/p3p3/N5P1/P2PPK2/8 b KQkq - 69 35
