Pe2 -> e4
nb8 -> c6
Qd1 -> h5
ng8 -> f6
Qh5 -> xpf7
ke8 -> xQf7
Nb1 -> c3
pe7 -> e5
Bf1 -> c4
kf7 -> g6
Ng1 -> f3
pa7 -> a5
Pa2 -> a3
ph7 -> h5
Pd2 -> d3
pd7 -> d6
Bc1 -> g5
pb7 -> b6
0-0-0
ph5 -> h4
Bg5 -> xph4
pa5 -> a4
Bc4 -> d5
bc8 -> e6
Bd5 -> xbe6
bf8 -> e7
Bh4 -> xnf6
kg6 -> xBf6
Be6 -> d5
qd8 -> d7
Bd5 -> xnc6
qd7 -> xBc6
Nc3 -> d5
kf6 -> f7
Nd5 -> xbe7
kf7 -> xNe7
Ph2 -> h4
pb6 -> b5
Pg2 -> g4
pg7 -> g5
Ph4 -> xpg5
pb5 -> b4
Pa3 -> xpb4
pa4 -> a3
Pb2 -> xpa3
rh8 -> xRh1
Rd1 -> xrh1
ra8 -> xPa3
Rh1 -> h7
ke7 -> e8
Pg5 -> g6
ra3 -> xPd3
Pg6 -> g7
qc6 -> c4
Rh7 -> h8
ke8 -> e7
Nf3 -> xpe5
pd6 -> xNe5
Pg7 -> g8 = Q
qc4 -> xPb4
Qg8 -> f8
ke7 -> e6
Rh8 -> h6
ke6 -> d7
Qf8 -> xqb4
rd3 -> d6
Qb4 -> b5
kd7 -> d8
Rh6 -> xrd6
pc7 -> xRd6
Pg4 -> g5
kd8 -> e7
Pg5 -> g6
ke7 -> f6
Qb5 -> e8
kf6 -> g7
Qe8 -> f7
kg7 -> h6
Pg6 -> g7
kh6 -> h7
Pg7 -> g8 = R
kh7 -> h6
Qf7 -> g6
6R1/8/3p2Qk/4p3/4P3/8/2P2P2/2K5 b Kkq - 83 42
