Pe2 -> e3
pe7 -> e5
Ng1 -> f3
bf8 -> d6
Nb1 -> c3
ng8 -> f6
Bf1 -> c4
nb8 -> c6
Pd2 -> d4
pe5 -> e4
Nf3 -> e5
nc6 -> xNe5
Pd4 -> xne5
bd6 -> xPe5
Bc1 -> d2
pc7 -> c5
Pg2 -> g3
0-0
0-0
rf8 -> e8
Ra1 -> c1
pd7 -> d5
Bc4 -> xpd5
nf6 -> xBd5
Qd1 -> e2
bc8 -> f5
Pa2 -> a4
re8 -> e6
Pf2 -> f4
pe4 -> xPf3 e.p.
Qe2 -> xpf3
nd5 -> xNc3
Bd2 -> xnc3
be5 -> xBc3
Pb2 -> xbc3
re6 -> e4
Qf3 -> xbf5
re4 -> xPa4
Rc1 -> d1
ra4 -> d4
Qf5 -> xpf7
kg8 -> h8
Pc3 -> xrd4
ra8 -> c8
Pd4 -> xpc5
qd8 -> xRd1
Rf1 -> xqd1
pg7 -> g5
Rd1 -> d5
pb7 -> b5
Qf7 -> xpa7
rc8 -> e8
Pc5 -> c6
re8 -> e6
Rd5 -> xpg5
re6 -> xPc6
Rg5 -> c5
rc6 -> xRc5
Qa7 -> xrc5
pb5 -> b4
Qc5 -> xpb4
ph7 -> h5
Pc2 -> c4
kh8 -> h7
Ph2 -> h4
kh7 -> h6
Pc4 -> c5
kh6 -> h7
Pe3 -> e4
kh7 -> h8
Pe4 -> e5
kh8 -> h7
Pc5 -> c6
kh7 -> h8
Pc6 -> c7
kh8 -> h7
Pc7 -> c8 = Q
kh7 -> g6
Pe5 -> e6
kg6 -> f6
Pe6 -> e7
kf6 -> g7
Pe7 -> e8 = Q
kg7 -> h6
Qc8 -> f5
kh6 -> g7
Qb4 -> d4
kg7 -> h6
Qe8 -> xph5
8/8/7k/5Q1Q/3Q3P/6P1/8/6K1 b Qq - 89 45
