Nb1 -> c3
ng8 -> f6
Pe2 -> e3
pe7 -> e5
Bf1 -> d3
bf8 -> c5
Ng1 -> f3
pe5 -> e4
Nc3 -> xpe4
nf6 -> xNe4
Pb2 -> b4
ne4 -> xPf2
Ke1 -> xnf2
bc5 -> xPb4
Rh1 -> e1
bb4 -> d6
Bc1 -> b2
bd6 -> e5
Bb2 -> xbe5
pd7 -> d5
Be5 -> xpg7
bc8 -> g4
Bg7 -> xrh8
nb8 -> c6
Bd3 -> xph7
bg4 -> xNf3
Pg2 -> xbf3
pf7 -> f5
Bh7 -> xpf5
pb7 -> b5
Bh8 -> c3
pd5 -> d4
Bc3 -> xpd4
nc6 -> xBd4
Pe3 -> xnd4
ke8 -> f7
Re1 -> e4
pc7 -> c5
Pd4 -> xpc5
ra8 -> c8
Bf5 -> xrc8
qd8 -> xBc8
Ra1 -> c1
pb5 -> b4
Qd1 -> h1
pa7 -> a5
Rc1 -> e1
qc8 -> xPc5
Re1 -> e3
qc5 -> xPc2
Re4 -> d4
qc2 -> xPa2
Re3 -> e5
qa2 -> xPd2
Rd4 -> xqd2
pb4 -> b3
Re5 -> xpa5
kf7 -> f8
Ra5 -> e5
kf8 -> g8
Rd2 -> d7
pb3 -> b2
Re5 -> e8
4R1k1/3R4/8/8/8/5P2/1p3K1P/7Q b KQkq - 63 32
